<?xml version="1.0" encoding="UTF-8"?>
<!-- Generated by org.testng.reporters.JUnitReportReporter -->
<testsuite hostname="Abdulkadirkhan" name="Testcases.ImportContactTest" tests="1" failures="1" timestamp="21 Dec 2013 19:57:38 GMT" time="0.000" errors="0">
  <testcase name="ImportContactTest" time="0.000" classname="Testcases.ImportContactTest"/>
</testsuite> <!-- Testcases.ImportContactTest -->
