<?xml version="1.0" encoding="UTF-8"?>
<!-- Generated by org.testng.reporters.JUnitReportReporter -->
<testsuite hostname="Abdulkadirkhan" name="Testcases.ChatterTest" tests="1" failures="0" timestamp="22 Dec 2013 18:08:04 GMT" time="9.992" errors="0">
  <testcase name="chattertest" time="9.992" classname="Testcases.ChatterTest"/>
</testsuite> <!-- Testcases.ChatterTest -->
