<?xml version="1.0" encoding="UTF-8"?>
<!-- Generated by org.testng.reporters.JUnitReportReporter -->
<testsuite hostname="Abdulkadirkhan" name="Testcases.LoginTest" tests="1" failures="0" timestamp="22 Dec 2013 18:08:04 GMT" time="14.140" errors="0">
  <testcase name="dologin" time="14.140" classname="Testcases.LoginTest"/>
</testsuite> <!-- Testcases.LoginTest -->
