<?xml version="1.0" encoding="UTF-8"?>
<!-- Generated by org.testng.reporters.JUnitReportReporter -->
<testsuite hostname="Abdulkadirkhan" name="Testcases.ChatterTest" tests="1" failures="1" timestamp="21 Dec 2013 19:57:38 GMT" time="0.002" errors="0">
  <testcase name="chattertest" time="0.002" classname="Testcases.ChatterTest"/>
</testsuite> <!-- Testcases.ChatterTest -->
