<?xml version="1.0" encoding="UTF-8"?>
<!-- Generated by org.testng.reporters.JUnitReportReporter -->
<testsuite hostname="Abdulkadirkhan" name="Testcases.LoginTest" tests="1" failures="0" timestamp="21 Dec 2013 19:57:38 GMT" time="5.763" errors="0">
  <testcase name="dologin" time="5.763" classname="Testcases.LoginTest"/>
</testsuite> <!-- Testcases.LoginTest -->
